#! /usr/bin/vvp
:ivl_version "10.1 (stable)";
:ivl_delay_selection "TYPICAL";
:vpi_time_precision + 0;
:vpi_module "system";
:vpi_module "vhdl_sys";
:vpi_module "v2005_math";
:vpi_module "va_math";
S_0x561092e0c690 .scope module, "alu" "alu" 2 4;
 .timescale 0 0;
    .port_info 0 /OUTPUT 4 "r"
    .port_info 1 /OUTPUT 1 "zero"
    .port_info 2 /OUTPUT 1 "carry"
    .port_info 3 /OUTPUT 1 "sign"
    .port_info 4 /INPUT 4 "a"
    .port_info 5 /INPUT 4 "b"
    .port_info 6 /INPUT 2 "aluop"
    .port_info 7 /INPUT 1 "l"
L_0x561092e3b7c0 .functor NOT 1, L_0x561092e3b720, C4<0>, C4<0>, C4<0>;
L_0x561092e3b8f0 .functor NOT 1, L_0x561092e3b850, C4<0>, C4<0>, C4<0>;
o0x7f5310e476a8 .functor BUFZ 1, C4<z>; HiZ drive
L_0x561092e3b9b0 .functor AND 1, o0x7f5310e476a8, L_0x561092e3b8f0, C4<1>, C4<1>;
L_0x561092e3ba70 .functor OR 1, L_0x561092e3b7c0, L_0x561092e3b9b0, C4<0>, C4<0>;
L_0x561092e3bc70 .functor NOT 1, L_0x561092e3bbd0, C4<0>, C4<0>, C4<0>;
L_0x561092e3bd30 .functor NOT 1, o0x7f5310e476a8, C4<0>, C4<0>, C4<0>;
L_0x561092e3c0c0 .functor AND 1, L_0x561092e3bd30, L_0x561092e3bde0, C4<1>, C4<1>;
L_0x561092e3c1d0 .functor OR 1, L_0x561092e3bc70, L_0x561092e3c0c0, C4<0>, C4<0>;
L_0x561092e3c3d0 .functor NOT 1, L_0x561092e3c330, C4<0>, C4<0>, C4<0>;
L_0x561092e3c490 .functor AND 1, o0x7f5310e476a8, L_0x561092e3c3d0, C4<1>, C4<1>;
L_0x561092e3c5b0 .functor OR 1, L_0x561092e3c1d0, L_0x561092e3c490, C4<0>, C4<0>;
L_0x561092e3c6c0 .functor NOT 1, o0x7f5310e476a8, C4<0>, C4<0>, C4<0>;
L_0x561092e3c880 .functor AND 1, L_0x561092e3c6c0, L_0x561092e3c7a0, C4<1>, C4<1>;
L_0x561092e3c990 .functor NOT 1, o0x7f5310e476a8, C4<0>, C4<0>, C4<0>;
L_0x561092e3c730 .functor AND 1, L_0x561092e3c990, L_0x561092e3ca80, C4<1>, C4<1>;
L_0x561092e3cbc0 .functor OR 1, L_0x561092e3c880, L_0x561092e3c730, C4<0>, C4<0>;
L_0x561092e3cef0 .functor AND 1, L_0x561092e3cd60, L_0x561092e3ce50, C4<1>, C4<1>;
L_0x561092e3d000 .functor OR 1, L_0x561092e3cbc0, L_0x561092e3cef0, C4<0>, C4<0>;
L_0x561092e3d200 .functor NOT 1, o0x7f5310e476a8, C4<0>, C4<0>, C4<0>;
L_0x561092e3d370 .functor AND 1, L_0x561092e3d200, L_0x561092e3d270, C4<1>, C4<1>;
L_0x561092e3d4e0 .functor NOT 1, o0x7f5310e476a8, C4<0>, C4<0>, C4<0>;
L_0x561092e3d550 .functor AND 1, L_0x561092e3d4e0, L_0x561092e3d160, C4<1>, C4<1>;
L_0x561092e3d720 .functor OR 1, L_0x561092e3d370, L_0x561092e3d550, C4<0>, C4<0>;
L_0x561092e3e4a0 .functor BUFZ 1, L_0x561092e3e090, C4<0>, C4<0>, C4<0>;
L_0x561092e3ed70 .functor BUFZ 1, L_0x561092e3f230, C4<0>, C4<0>, C4<0>;
L_0x561092e40500 .functor BUFZ 1, L_0x561092e40150, C4<0>, C4<0>, C4<0>;
v0x561092e384f0_0 .net *"_s1", 0 0, L_0x561092e3b720;  1 drivers
L_0x7f5310dfe408 .functor BUFT 1, C4<0000>, C4<0>, C4<0>, C4<0>;
v0x561092e385f0_0 .net/2u *"_s103", 3 0, L_0x7f5310dfe408;  1 drivers
v0x561092e386d0_0 .net *"_s105", 0 0, L_0x561092e41f30;  1 drivers
L_0x7f5310dfe450 .functor BUFT 1, C4<00>, C4<0>, C4<0>, C4<0>;
v0x561092e38770_0 .net/2s *"_s107", 1 0, L_0x7f5310dfe450;  1 drivers
L_0x7f5310dfe498 .functor BUFT 1, C4<01>, C4<0>, C4<0>, C4<0>;
v0x561092e38850_0 .net/2s *"_s109", 1 0, L_0x7f5310dfe498;  1 drivers
v0x561092e38980_0 .net *"_s111", 1 0, L_0x561092e421a0;  1 drivers
v0x561092e38a60_0 .net *"_s13", 0 0, L_0x561092e3bbd0;  1 drivers
v0x561092e38b40_0 .net *"_s14", 0 0, L_0x561092e3bc70;  1 drivers
v0x561092e38c20_0 .net *"_s16", 0 0, L_0x561092e3bd30;  1 drivers
v0x561092e38d90_0 .net *"_s19", 0 0, L_0x561092e3bde0;  1 drivers
v0x561092e38e70_0 .net *"_s2", 0 0, L_0x561092e3b7c0;  1 drivers
v0x561092e38f50_0 .net *"_s20", 0 0, L_0x561092e3c0c0;  1 drivers
v0x561092e39030_0 .net *"_s22", 0 0, L_0x561092e3c1d0;  1 drivers
v0x561092e39110_0 .net *"_s25", 0 0, L_0x561092e3c330;  1 drivers
v0x561092e391f0_0 .net *"_s26", 0 0, L_0x561092e3c3d0;  1 drivers
v0x561092e392d0_0 .net *"_s28", 0 0, L_0x561092e3c490;  1 drivers
v0x561092e393b0_0 .net *"_s32", 0 0, L_0x561092e3c6c0;  1 drivers
v0x561092e395a0_0 .net *"_s35", 0 0, L_0x561092e3c7a0;  1 drivers
v0x561092e39680_0 .net *"_s36", 0 0, L_0x561092e3c880;  1 drivers
v0x561092e39760_0 .net *"_s38", 0 0, L_0x561092e3c990;  1 drivers
v0x561092e39840_0 .net *"_s41", 0 0, L_0x561092e3ca80;  1 drivers
v0x561092e39920_0 .net *"_s42", 0 0, L_0x561092e3c730;  1 drivers
v0x561092e39a00_0 .net *"_s44", 0 0, L_0x561092e3cbc0;  1 drivers
v0x561092e39ae0_0 .net *"_s47", 0 0, L_0x561092e3cd60;  1 drivers
v0x561092e39bc0_0 .net *"_s49", 0 0, L_0x561092e3ce50;  1 drivers
v0x561092e39ca0_0 .net *"_s5", 0 0, L_0x561092e3b850;  1 drivers
v0x561092e39d80_0 .net *"_s50", 0 0, L_0x561092e3cef0;  1 drivers
v0x561092e39e60_0 .net *"_s54", 0 0, L_0x561092e3d200;  1 drivers
v0x561092e39f40_0 .net *"_s57", 0 0, L_0x561092e3d270;  1 drivers
v0x561092e3a020_0 .net *"_s58", 0 0, L_0x561092e3d370;  1 drivers
v0x561092e3a100_0 .net *"_s6", 0 0, L_0x561092e3b8f0;  1 drivers
v0x561092e3a1e0_0 .net *"_s60", 0 0, L_0x561092e3d4e0;  1 drivers
v0x561092e3a2c0_0 .net *"_s63", 0 0, L_0x561092e3d160;  1 drivers
v0x561092e3a3a0_0 .net *"_s64", 0 0, L_0x561092e3d550;  1 drivers
v0x561092e3a480_0 .net *"_s8", 0 0, L_0x561092e3b9b0;  1 drivers
o0x7f5310e49448 .functor BUFZ 4, C4<zzzz>; HiZ drive
v0x561092e3a560_0 .net "a", 3 0, o0x7f5310e49448;  0 drivers
o0x7f5310e47108 .functor BUFZ 2, C4<zz>; HiZ drive
v0x561092e3a620_0 .net "aluop", 1 0, o0x7f5310e47108;  0 drivers
o0x7f5310e49598 .functor BUFZ 4, C4<zzzz>; HiZ drive
v0x561092e3a6e0_0 .net "b", 3 0, o0x7f5310e49598;  0 drivers
v0x561092e3a7a0_0 .net "carry", 0 0, L_0x561092e41160;  1 drivers
v0x561092e3a890_0 .net "cin0", 0 0, L_0x561092e3d720;  1 drivers
v0x561092e3a980_0 .net "cin1", 0 0, L_0x561092e3e4a0;  1 drivers
v0x561092e3aa70_0 .net "cin2", 0 0, L_0x561092e3ed70;  1 drivers
v0x561092e3ab60_0 .net "cin3", 0 0, L_0x561092e40500;  1 drivers
v0x561092e3ac50_0 .net "cout0", 0 0, L_0x561092e3e090;  1 drivers
v0x561092e3ad40_0 .net "cout1", 0 0, L_0x561092e3f230;  1 drivers
v0x561092e3ae30_0 .net "cout2", 0 0, L_0x561092e40150;  1 drivers
v0x561092e3af20_0 .net "cp1", 0 0, L_0x561092e3d000;  1 drivers
v0x561092e3afc0_0 .net "l", 0 0, o0x7f5310e476a8;  0 drivers
v0x561092e3b060_0 .net "op1", 3 0, L_0x561092e3d830;  1 drivers
v0x561092e3b100_0 .net "op1_a", 0 0, L_0x561092e3ba70;  1 drivers
v0x561092e3b1a0_0 .net "op2", 3 0, L_0x561092e3dc60;  1 drivers
v0x561092e3b240_0 .net "op2_b", 0 0, L_0x561092e3c5b0;  1 drivers
v0x561092e3b2e0_0 .net "r", 3 0, L_0x561092e41af0;  1 drivers
v0x561092e3b380_0 .net "sal_muxb", 3 0, L_0x561092e3d970;  1 drivers
v0x561092e3b470_0 .net "sign", 0 0, L_0x561092e41b90;  1 drivers
v0x561092e3b510_0 .net "zero", 0 0, L_0x561092e42330;  1 drivers
L_0x561092e3b720 .part o0x7f5310e47108, 1, 1;
L_0x561092e3b850 .part o0x7f5310e47108, 0, 1;
L_0x561092e3bbd0 .part o0x7f5310e47108, 1, 1;
L_0x561092e3bde0 .part o0x7f5310e47108, 0, 1;
L_0x561092e3c330 .part o0x7f5310e47108, 0, 1;
L_0x561092e3c7a0 .part o0x7f5310e47108, 0, 1;
L_0x561092e3ca80 .part o0x7f5310e47108, 1, 1;
L_0x561092e3cd60 .part o0x7f5310e47108, 1, 1;
L_0x561092e3ce50 .part o0x7f5310e47108, 0, 1;
L_0x561092e3d270 .part o0x7f5310e47108, 0, 1;
L_0x561092e3d160 .part o0x7f5310e47108, 1, 1;
L_0x561092e3ecd0 .part L_0x561092e3d830, 0, 1;
L_0x561092e3ede0 .part L_0x561092e3dc60, 0, 1;
L_0x561092e3fbc0 .part L_0x561092e3d830, 1, 1;
L_0x561092e3fce0 .part L_0x561092e3dc60, 1, 1;
L_0x561092e40a80 .part L_0x561092e3d830, 2, 1;
L_0x561092e40cc0 .part L_0x561092e3dc60, 2, 1;
L_0x561092e41af0 .concat8 [ 1 1 1 1], L_0x561092e3e8b0, L_0x561092e3f9b0, L_0x561092e40870, L_0x561092e418e0;
L_0x561092e41c30 .part L_0x561092e3d830, 3, 1;
L_0x561092e41de0 .part L_0x561092e3dc60, 3, 1;
L_0x561092e41b90 .part L_0x561092e41af0, 3, 1;
L_0x561092e41f30 .cmp/ne 4, L_0x561092e41af0, L_0x7f5310dfe408;
L_0x561092e421a0 .functor MUXZ 2, L_0x7f5310dfe498, L_0x7f5310dfe450, L_0x561092e41f30, C4<>;
L_0x561092e42330 .part L_0x561092e421a0, 0, 1;
S_0x561092e07c20 .scope module, "celal0" "cal" 2 22, 3 4 0, S_0x561092e0c690;
 .timescale 0 0;
    .port_info 0 /OUTPUT 1 "out"
    .port_info 1 /OUTPUT 1 "c_out"
    .port_info 2 /INPUT 1 "a"
    .port_info 3 /INPUT 1 "b"
    .port_info 4 /INPUT 1 "l"
    .port_info 5 /INPUT 1 "c_in"
    .port_info 6 /INPUT 2 "s"
v0x561092e2d480_0 .net "a", 0 0, L_0x561092e3ecd0;  1 drivers
v0x561092e2d590_0 .net "b", 0 0, L_0x561092e3ede0;  1 drivers
v0x561092e2d6a0_0 .net "c_in", 0 0, L_0x561092e3d720;  alias, 1 drivers
v0x561092e2d740_0 .net "c_out", 0 0, L_0x561092e3e090;  alias, 1 drivers
v0x561092e2d7e0_0 .net "l", 0 0, o0x7f5310e476a8;  alias, 0 drivers
v0x561092e2d8d0_0 .net "out", 0 0, L_0x561092e3e8b0;  1 drivers
v0x561092e2d9a0_0 .net "s", 1 0, o0x7f5310e47108;  alias, 0 drivers
v0x561092e2da90_0 .net "sal_cl", 0 0, v0x561092e2b8f0_0;  1 drivers
v0x561092e2db30_0 .net "sal_fa", 0 0, L_0x561092e3e130;  1 drivers
S_0x561092df8060 .scope module, "celdalog" "cl" 3 6, 4 3 0, S_0x561092e07c20;
 .timescale 0 0;
    .port_info 0 /OUTPUT 1 "out"
    .port_info 1 /INPUT 1 "a"
    .port_info 2 /INPUT 1 "b"
    .port_info 3 /INPUT 2 "s"
L_0x561092e3dda0 .functor AND 1, L_0x561092e3ecd0, L_0x561092e3ede0, C4<1>, C4<1>;
L_0x561092e3de60 .functor OR 1, L_0x561092e3ecd0, L_0x561092e3ede0, C4<0>, C4<0>;
L_0x561092e3dfb0 .functor XOR 1, L_0x561092e3ecd0, L_0x561092e3ede0, C4<0>, C4<0>;
L_0x561092e3e020 .functor NOT 1, L_0x561092e3ecd0, C4<0>, C4<0>, C4<0>;
v0x561092e2bba0_0 .net "a", 0 0, L_0x561092e3ecd0;  alias, 1 drivers
v0x561092e2bc80_0 .net "b", 0 0, L_0x561092e3ede0;  alias, 1 drivers
v0x561092e2bd40_0 .net "out", 0 0, v0x561092e2b8f0_0;  alias, 1 drivers
v0x561092e2bde0_0 .net "s", 1 0, o0x7f5310e47108;  alias, 0 drivers
v0x561092e2be80_0 .net "sal_and", 0 0, L_0x561092e3dda0;  1 drivers
v0x561092e2bf70_0 .net "sal_not", 0 0, L_0x561092e3e020;  1 drivers
v0x561092e2c010_0 .net "sal_or", 0 0, L_0x561092e3de60;  1 drivers
v0x561092e2c0b0_0 .net "sal_xor", 0 0, L_0x561092e3dfb0;  1 drivers
S_0x561092df63c0 .scope module, "multiplexor" "mux4_1" 4 13, 5 1 0, S_0x561092df8060;
 .timescale 0 0;
    .port_info 0 /OUTPUT 1 "out"
    .port_info 1 /INPUT 1 "a"
    .port_info 2 /INPUT 1 "b"
    .port_info 3 /INPUT 1 "c"
    .port_info 4 /INPUT 1 "d"
    .port_info 5 /INPUT 2 "s"
v0x561092e0c260_0 .net "a", 0 0, L_0x561092e3dda0;  alias, 1 drivers
v0x561092e2b6d0_0 .net "b", 0 0, L_0x561092e3de60;  alias, 1 drivers
v0x561092e2b790_0 .net "c", 0 0, L_0x561092e3dfb0;  alias, 1 drivers
v0x561092e2b830_0 .net "d", 0 0, L_0x561092e3e020;  alias, 1 drivers
v0x561092e2b8f0_0 .var "out", 0 0;
v0x561092e2ba00_0 .net "s", 1 0, o0x7f5310e47108;  alias, 0 drivers
E_0x561092dd0330/0 .event edge, v0x561092e2ba00_0, v0x561092e2b830_0, v0x561092e2b790_0, v0x561092e2b6d0_0;
E_0x561092dd0330/1 .event edge, v0x561092e0c260_0;
E_0x561092dd0330 .event/or E_0x561092dd0330/0, E_0x561092dd0330/1;
S_0x561092e2c150 .scope module, "fulladder" "fa" 3 7, 6 1 0, S_0x561092e07c20;
 .timescale 0 0;
    .port_info 0 /OUTPUT 1 "cout"
    .port_info 1 /OUTPUT 1 "sum"
    .port_info 2 /INPUT 1 "a"
    .port_info 3 /INPUT 1 "b"
    .port_info 4 /INPUT 1 "cin"
L_0x7f5310dfe0f0 .functor BUFT 1, C4<0>, C4<0>, C4<0>, C4<0>;
v0x561092e2c3a0_0 .net *"_s10", 0 0, L_0x7f5310dfe0f0;  1 drivers
v0x561092e2c460_0 .net *"_s11", 1 0, L_0x561092e3e400;  1 drivers
v0x561092e2c540_0 .net *"_s13", 1 0, L_0x561092e3e5b0;  1 drivers
L_0x7f5310dfe138 .functor BUFT 1, C4<0>, C4<0>, C4<0>, C4<0>;
v0x561092e2c630_0 .net *"_s16", 0 0, L_0x7f5310dfe138;  1 drivers
v0x561092e2c710_0 .net *"_s17", 1 0, L_0x561092e3e770;  1 drivers
v0x561092e2c840_0 .net *"_s3", 1 0, L_0x561092e3e220;  1 drivers
L_0x7f5310dfe0a8 .functor BUFT 1, C4<0>, C4<0>, C4<0>, C4<0>;
v0x561092e2c920_0 .net *"_s6", 0 0, L_0x7f5310dfe0a8;  1 drivers
v0x561092e2ca00_0 .net *"_s7", 1 0, L_0x561092e3e310;  1 drivers
v0x561092e2cae0_0 .net "a", 0 0, L_0x561092e3ecd0;  alias, 1 drivers
v0x561092e2cb80_0 .net "b", 0 0, L_0x561092e3ede0;  alias, 1 drivers
v0x561092e2cc50_0 .net "cin", 0 0, L_0x561092e3d720;  alias, 1 drivers
v0x561092e2ccf0_0 .net "cout", 0 0, L_0x561092e3e090;  alias, 1 drivers
v0x561092e2cd90_0 .net "sum", 0 0, L_0x561092e3e130;  alias, 1 drivers
L_0x561092e3e090 .part L_0x561092e3e770, 1, 1;
L_0x561092e3e130 .part L_0x561092e3e770, 0, 1;
L_0x561092e3e220 .concat [ 1 1 0 0], L_0x561092e3ecd0, L_0x7f5310dfe0a8;
L_0x561092e3e310 .concat [ 1 1 0 0], L_0x561092e3ede0, L_0x7f5310dfe0f0;
L_0x561092e3e400 .arith/sum 2, L_0x561092e3e220, L_0x561092e3e310;
L_0x561092e3e5b0 .concat [ 1 1 0 0], L_0x561092e3d720, L_0x7f5310dfe138;
L_0x561092e3e770 .arith/sum 2, L_0x561092e3e400, L_0x561092e3e5b0;
S_0x561092e2cf20 .scope module, "multiplexor2a1" "mux2_1" 3 8, 7 1 0, S_0x561092e07c20;
 .timescale 0 0;
    .port_info 0 /OUTPUT 1 "out"
    .port_info 1 /INPUT 1 "a"
    .port_info 2 /INPUT 1 "b"
    .port_info 3 /INPUT 1 "s"
v0x561092e2d0d0_0 .net "a", 0 0, L_0x561092e3e130;  alias, 1 drivers
v0x561092e2d1a0_0 .net "b", 0 0, v0x561092e2b8f0_0;  alias, 1 drivers
v0x561092e2d290_0 .net "out", 0 0, L_0x561092e3e8b0;  alias, 1 drivers
v0x561092e2d330_0 .net "s", 0 0, o0x7f5310e476a8;  alias, 0 drivers
L_0x561092e3e8b0 .functor MUXZ 1, L_0x561092e3e130, v0x561092e2b8f0_0, o0x7f5310e476a8, C4<>;
S_0x561092e2dca0 .scope module, "celal1" "cal" 2 24, 3 4 0, S_0x561092e0c690;
 .timescale 0 0;
    .port_info 0 /OUTPUT 1 "out"
    .port_info 1 /OUTPUT 1 "c_out"
    .port_info 2 /INPUT 1 "a"
    .port_info 3 /INPUT 1 "b"
    .port_info 4 /INPUT 1 "l"
    .port_info 5 /INPUT 1 "c_in"
    .port_info 6 /INPUT 2 "s"
v0x561092e304f0_0 .net "a", 0 0, L_0x561092e3fbc0;  1 drivers
v0x561092e30600_0 .net "b", 0 0, L_0x561092e3fce0;  1 drivers
v0x561092e30710_0 .net "c_in", 0 0, L_0x561092e3e4a0;  alias, 1 drivers
v0x561092e307b0_0 .net "c_out", 0 0, L_0x561092e3f230;  alias, 1 drivers
v0x561092e30850_0 .net "l", 0 0, o0x7f5310e476a8;  alias, 0 drivers
v0x561092e30940_0 .net "out", 0 0, L_0x561092e3f9b0;  1 drivers
v0x561092e309e0_0 .net "s", 1 0, o0x7f5310e47108;  alias, 0 drivers
v0x561092e30a80_0 .net "sal_cl", 0 0, v0x561092e2e6f0_0;  1 drivers
v0x561092e30b20_0 .net "sal_fa", 0 0, L_0x561092e3f2d0;  1 drivers
S_0x561092e2df40 .scope module, "celdalog" "cl" 3 6, 4 3 0, S_0x561092e2dca0;
 .timescale 0 0;
    .port_info 0 /OUTPUT 1 "out"
    .port_info 1 /INPUT 1 "a"
    .port_info 2 /INPUT 1 "b"
    .port_info 3 /INPUT 2 "s"
L_0x561092e3ef50 .functor AND 1, L_0x561092e3fbc0, L_0x561092e3fce0, C4<1>, C4<1>;
L_0x561092e3efc0 .functor OR 1, L_0x561092e3fbc0, L_0x561092e3fce0, C4<0>, C4<0>;
L_0x561092e3f150 .functor XOR 1, L_0x561092e3fbc0, L_0x561092e3fce0, C4<0>, C4<0>;
L_0x561092e3f1c0 .functor NOT 1, L_0x561092e3fbc0, C4<0>, C4<0>, C4<0>;
v0x561092e2e9c0_0 .net "a", 0 0, L_0x561092e3fbc0;  alias, 1 drivers
v0x561092e2eaa0_0 .net "b", 0 0, L_0x561092e3fce0;  alias, 1 drivers
v0x561092e2eb60_0 .net "out", 0 0, v0x561092e2e6f0_0;  alias, 1 drivers
v0x561092e2ec30_0 .net "s", 1 0, o0x7f5310e47108;  alias, 0 drivers
v0x561092e2ed60_0 .net "sal_and", 0 0, L_0x561092e3ef50;  1 drivers
v0x561092e2ee00_0 .net "sal_not", 0 0, L_0x561092e3f1c0;  1 drivers
v0x561092e2eed0_0 .net "sal_or", 0 0, L_0x561092e3efc0;  1 drivers
v0x561092e2efa0_0 .net "sal_xor", 0 0, L_0x561092e3f150;  1 drivers
S_0x561092e2e110 .scope module, "multiplexor" "mux4_1" 4 13, 5 1 0, S_0x561092e2df40;
 .timescale 0 0;
    .port_info 0 /OUTPUT 1 "out"
    .port_info 1 /INPUT 1 "a"
    .port_info 2 /INPUT 1 "b"
    .port_info 3 /INPUT 1 "c"
    .port_info 4 /INPUT 1 "d"
    .port_info 5 /INPUT 2 "s"
v0x561092e2e3f0_0 .net "a", 0 0, L_0x561092e3ef50;  alias, 1 drivers
v0x561092e2e4d0_0 .net "b", 0 0, L_0x561092e3efc0;  alias, 1 drivers
v0x561092e2e590_0 .net "c", 0 0, L_0x561092e3f150;  alias, 1 drivers
v0x561092e2e630_0 .net "d", 0 0, L_0x561092e3f1c0;  alias, 1 drivers
v0x561092e2e6f0_0 .var "out", 0 0;
v0x561092e2e800_0 .net "s", 1 0, o0x7f5310e47108;  alias, 0 drivers
E_0x561092dd0570/0 .event edge, v0x561092e2ba00_0, v0x561092e2e630_0, v0x561092e2e590_0, v0x561092e2e4d0_0;
E_0x561092dd0570/1 .event edge, v0x561092e2e3f0_0;
E_0x561092dd0570 .event/or E_0x561092dd0570/0, E_0x561092dd0570/1;
S_0x561092e2f0a0 .scope module, "fulladder" "fa" 3 7, 6 1 0, S_0x561092e2dca0;
 .timescale 0 0;
    .port_info 0 /OUTPUT 1 "cout"
    .port_info 1 /OUTPUT 1 "sum"
    .port_info 2 /INPUT 1 "a"
    .port_info 3 /INPUT 1 "b"
    .port_info 4 /INPUT 1 "cin"
L_0x7f5310dfe1c8 .functor BUFT 1, C4<0>, C4<0>, C4<0>, C4<0>;
v0x561092e2f2f0_0 .net *"_s10", 0 0, L_0x7f5310dfe1c8;  1 drivers
v0x561092e2f3d0_0 .net *"_s11", 1 0, L_0x561092e3f550;  1 drivers
v0x561092e2f4b0_0 .net *"_s13", 1 0, L_0x561092e3f700;  1 drivers
L_0x7f5310dfe210 .functor BUFT 1, C4<0>, C4<0>, C4<0>, C4<0>;
v0x561092e2f5a0_0 .net *"_s16", 0 0, L_0x7f5310dfe210;  1 drivers
v0x561092e2f680_0 .net *"_s17", 1 0, L_0x561092e3f870;  1 drivers
v0x561092e2f7b0_0 .net *"_s3", 1 0, L_0x561092e3f370;  1 drivers
L_0x7f5310dfe180 .functor BUFT 1, C4<0>, C4<0>, C4<0>, C4<0>;
v0x561092e2f890_0 .net *"_s6", 0 0, L_0x7f5310dfe180;  1 drivers
v0x561092e2f970_0 .net *"_s7", 1 0, L_0x561092e3f460;  1 drivers
v0x561092e2fa50_0 .net "a", 0 0, L_0x561092e3fbc0;  alias, 1 drivers
v0x561092e2fb80_0 .net "b", 0 0, L_0x561092e3fce0;  alias, 1 drivers
v0x561092e2fc50_0 .net "cin", 0 0, L_0x561092e3e4a0;  alias, 1 drivers
v0x561092e2fcf0_0 .net "cout", 0 0, L_0x561092e3f230;  alias, 1 drivers
v0x561092e2fd90_0 .net "sum", 0 0, L_0x561092e3f2d0;  alias, 1 drivers
L_0x561092e3f230 .part L_0x561092e3f870, 1, 1;
L_0x561092e3f2d0 .part L_0x561092e3f870, 0, 1;
L_0x561092e3f370 .concat [ 1 1 0 0], L_0x561092e3fbc0, L_0x7f5310dfe180;
L_0x561092e3f460 .concat [ 1 1 0 0], L_0x561092e3fce0, L_0x7f5310dfe1c8;
L_0x561092e3f550 .arith/sum 2, L_0x561092e3f370, L_0x561092e3f460;
L_0x561092e3f700 .concat [ 1 1 0 0], L_0x561092e3e4a0, L_0x7f5310dfe210;
L_0x561092e3f870 .arith/sum 2, L_0x561092e3f550, L_0x561092e3f700;
S_0x561092e2ff20 .scope module, "multiplexor2a1" "mux2_1" 3 8, 7 1 0, S_0x561092e2dca0;
 .timescale 0 0;
    .port_info 0 /OUTPUT 1 "out"
    .port_info 1 /INPUT 1 "a"
    .port_info 2 /INPUT 1 "b"
    .port_info 3 /INPUT 1 "s"
v0x561092e30140_0 .net "a", 0 0, L_0x561092e3f2d0;  alias, 1 drivers
v0x561092e30210_0 .net "b", 0 0, v0x561092e2e6f0_0;  alias, 1 drivers
v0x561092e30300_0 .net "out", 0 0, L_0x561092e3f9b0;  alias, 1 drivers
v0x561092e303a0_0 .net "s", 0 0, o0x7f5310e476a8;  alias, 0 drivers
L_0x561092e3f9b0 .functor MUXZ 1, L_0x561092e3f2d0, v0x561092e2e6f0_0, o0x7f5310e476a8, C4<>;
S_0x561092e30cb0 .scope module, "celal2" "cal" 2 26, 3 4 0, S_0x561092e0c690;
 .timescale 0 0;
    .port_info 0 /OUTPUT 1 "out"
    .port_info 1 /OUTPUT 1 "c_out"
    .port_info 2 /INPUT 1 "a"
    .port_info 3 /INPUT 1 "b"
    .port_info 4 /INPUT 1 "l"
    .port_info 5 /INPUT 1 "c_in"
    .port_info 6 /INPUT 2 "s"
v0x561092e33660_0 .net "a", 0 0, L_0x561092e40a80;  1 drivers
v0x561092e33720_0 .net "b", 0 0, L_0x561092e40cc0;  1 drivers
v0x561092e33830_0 .net "c_in", 0 0, L_0x561092e3ed70;  alias, 1 drivers
v0x561092e338d0_0 .net "c_out", 0 0, L_0x561092e40150;  alias, 1 drivers
v0x561092e33970_0 .net "l", 0 0, o0x7f5310e476a8;  alias, 0 drivers
v0x561092e33a60_0 .net "out", 0 0, L_0x561092e40870;  1 drivers
v0x561092e33b00_0 .net "s", 1 0, o0x7f5310e47108;  alias, 0 drivers
v0x561092e33cb0_0 .net "sal_cl", 0 0, v0x561092e31830_0;  1 drivers
v0x561092e33d50_0 .net "sal_fa", 0 0, L_0x561092e401f0;  1 drivers
S_0x561092e30f30 .scope module, "celdalog" "cl" 3 6, 4 3 0, S_0x561092e30cb0;
 .timescale 0 0;
    .port_info 0 /OUTPUT 1 "out"
    .port_info 1 /INPUT 1 "a"
    .port_info 2 /INPUT 1 "b"
    .port_info 3 /INPUT 2 "s"
L_0x561092e3f5f0 .functor AND 1, L_0x561092e40a80, L_0x561092e40cc0, C4<1>, C4<1>;
L_0x561092e3fea0 .functor OR 1, L_0x561092e40a80, L_0x561092e40cc0, C4<0>, C4<0>;
L_0x561092e40030 .functor XOR 1, L_0x561092e40a80, L_0x561092e40cc0, C4<0>, C4<0>;
L_0x561092e400c0 .functor NOT 1, L_0x561092e40a80, C4<0>, C4<0>, C4<0>;
v0x561092e31b00_0 .net "a", 0 0, L_0x561092e40a80;  alias, 1 drivers
v0x561092e31be0_0 .net "b", 0 0, L_0x561092e40cc0;  alias, 1 drivers
v0x561092e31ca0_0 .net "out", 0 0, v0x561092e31830_0;  alias, 1 drivers
v0x561092e31d70_0 .net "s", 1 0, o0x7f5310e47108;  alias, 0 drivers
v0x561092e31e10_0 .net "sal_and", 0 0, L_0x561092e3f5f0;  1 drivers
v0x561092e31f00_0 .net "sal_not", 0 0, L_0x561092e400c0;  1 drivers
v0x561092e31fd0_0 .net "sal_or", 0 0, L_0x561092e3fea0;  1 drivers
v0x561092e320a0_0 .net "sal_xor", 0 0, L_0x561092e40030;  1 drivers
S_0x561092e311a0 .scope module, "multiplexor" "mux4_1" 4 13, 5 1 0, S_0x561092e30f30;
 .timescale 0 0;
    .port_info 0 /OUTPUT 1 "out"
    .port_info 1 /INPUT 1 "a"
    .port_info 2 /INPUT 1 "b"
    .port_info 3 /INPUT 1 "c"
    .port_info 4 /INPUT 1 "d"
    .port_info 5 /INPUT 2 "s"
v0x561092e31500_0 .net "a", 0 0, L_0x561092e3f5f0;  alias, 1 drivers
v0x561092e315e0_0 .net "b", 0 0, L_0x561092e3fea0;  alias, 1 drivers
v0x561092e316a0_0 .net "c", 0 0, L_0x561092e40030;  alias, 1 drivers
v0x561092e31770_0 .net "d", 0 0, L_0x561092e400c0;  alias, 1 drivers
v0x561092e31830_0 .var "out", 0 0;
v0x561092e31940_0 .net "s", 1 0, o0x7f5310e47108;  alias, 0 drivers
E_0x561092e31470/0 .event edge, v0x561092e2ba00_0, v0x561092e31770_0, v0x561092e316a0_0, v0x561092e315e0_0;
E_0x561092e31470/1 .event edge, v0x561092e31500_0;
E_0x561092e31470 .event/or E_0x561092e31470/0, E_0x561092e31470/1;
S_0x561092e321a0 .scope module, "fulladder" "fa" 3 7, 6 1 0, S_0x561092e30cb0;
 .timescale 0 0;
    .port_info 0 /OUTPUT 1 "cout"
    .port_info 1 /OUTPUT 1 "sum"
    .port_info 2 /INPUT 1 "a"
    .port_info 3 /INPUT 1 "b"
    .port_info 4 /INPUT 1 "cin"
L_0x7f5310dfe2a0 .functor BUFT 1, C4<0>, C4<0>, C4<0>, C4<0>;
v0x561092e323f0_0 .net *"_s10", 0 0, L_0x7f5310dfe2a0;  1 drivers
v0x561092e324d0_0 .net *"_s11", 1 0, L_0x561092e40460;  1 drivers
v0x561092e325b0_0 .net *"_s13", 1 0, L_0x561092e405c0;  1 drivers
L_0x7f5310dfe2e8 .functor BUFT 1, C4<0>, C4<0>, C4<0>, C4<0>;
v0x561092e326a0_0 .net *"_s16", 0 0, L_0x7f5310dfe2e8;  1 drivers
v0x561092e32780_0 .net *"_s17", 1 0, L_0x561092e40730;  1 drivers
v0x561092e328b0_0 .net *"_s3", 1 0, L_0x561092e40290;  1 drivers
L_0x7f5310dfe258 .functor BUFT 1, C4<0>, C4<0>, C4<0>, C4<0>;
v0x561092e32990_0 .net *"_s6", 0 0, L_0x7f5310dfe258;  1 drivers
v0x561092e32a70_0 .net *"_s7", 1 0, L_0x561092e403c0;  1 drivers
v0x561092e32b50_0 .net "a", 0 0, L_0x561092e40a80;  alias, 1 drivers
v0x561092e32c80_0 .net "b", 0 0, L_0x561092e40cc0;  alias, 1 drivers
v0x561092e32d50_0 .net "cin", 0 0, L_0x561092e3ed70;  alias, 1 drivers
v0x561092e32df0_0 .net "cout", 0 0, L_0x561092e40150;  alias, 1 drivers
v0x561092e32e90_0 .net "sum", 0 0, L_0x561092e401f0;  alias, 1 drivers
L_0x561092e40150 .part L_0x561092e40730, 1, 1;
L_0x561092e401f0 .part L_0x561092e40730, 0, 1;
L_0x561092e40290 .concat [ 1 1 0 0], L_0x561092e40a80, L_0x7f5310dfe258;
L_0x561092e403c0 .concat [ 1 1 0 0], L_0x561092e40cc0, L_0x7f5310dfe2a0;
L_0x561092e40460 .arith/sum 2, L_0x561092e40290, L_0x561092e403c0;
L_0x561092e405c0 .concat [ 1 1 0 0], L_0x561092e3ed70, L_0x7f5310dfe2e8;
L_0x561092e40730 .arith/sum 2, L_0x561092e40460, L_0x561092e405c0;
S_0x561092e33020 .scope module, "multiplexor2a1" "mux2_1" 3 8, 7 1 0, S_0x561092e30cb0;
 .timescale 0 0;
    .port_info 0 /OUTPUT 1 "out"
    .port_info 1 /INPUT 1 "a"
    .port_info 2 /INPUT 1 "b"
    .port_info 3 /INPUT 1 "s"
v0x561092e33240_0 .net "a", 0 0, L_0x561092e401f0;  alias, 1 drivers
v0x561092e33310_0 .net "b", 0 0, v0x561092e31830_0;  alias, 1 drivers
v0x561092e33400_0 .net "out", 0 0, L_0x561092e40870;  alias, 1 drivers
v0x561092e334a0_0 .net "s", 0 0, o0x7f5310e476a8;  alias, 0 drivers
L_0x561092e40870 .functor MUXZ 1, L_0x561092e401f0, v0x561092e31830_0, o0x7f5310e476a8, C4<>;
S_0x561092e33e50 .scope module, "celal3" "cal" 2 28, 3 4 0, S_0x561092e0c690;
 .timescale 0 0;
    .port_info 0 /OUTPUT 1 "out"
    .port_info 1 /OUTPUT 1 "c_out"
    .port_info 2 /INPUT 1 "a"
    .port_info 3 /INPUT 1 "b"
    .port_info 4 /INPUT 1 "l"
    .port_info 5 /INPUT 1 "c_in"
    .port_info 6 /INPUT 2 "s"
v0x561092e36760_0 .net "a", 0 0, L_0x561092e41c30;  1 drivers
v0x561092e36870_0 .net "b", 0 0, L_0x561092e41de0;  1 drivers
v0x561092e36980_0 .net "c_in", 0 0, L_0x561092e40500;  alias, 1 drivers
v0x561092e36a20_0 .net "c_out", 0 0, L_0x561092e41160;  alias, 1 drivers
v0x561092e36ac0_0 .net "l", 0 0, o0x7f5310e476a8;  alias, 0 drivers
v0x561092e36bb0_0 .net "out", 0 0, L_0x561092e418e0;  1 drivers
v0x561092e36c50_0 .net "s", 1 0, o0x7f5310e47108;  alias, 0 drivers
v0x561092e36cf0_0 .net "sal_cl", 0 0, v0x561092e349c0_0;  1 drivers
v0x561092e36d90_0 .net "sal_fa", 0 0, L_0x561092e41200;  1 drivers
S_0x561092e340d0 .scope module, "celdalog" "cl" 3 6, 4 3 0, S_0x561092e33e50;
 .timescale 0 0;
    .port_info 0 /OUTPUT 1 "out"
    .port_info 1 /INPUT 1 "a"
    .port_info 2 /INPUT 1 "b"
    .port_info 3 /INPUT 2 "s"
L_0x561092e40e40 .functor AND 1, L_0x561092e41c30, L_0x561092e41de0, C4<1>, C4<1>;
L_0x561092e40eb0 .functor OR 1, L_0x561092e41c30, L_0x561092e41de0, C4<0>, C4<0>;
L_0x561092e41040 .functor XOR 1, L_0x561092e41c30, L_0x561092e41de0, C4<0>, C4<0>;
L_0x561092e410d0 .functor NOT 1, L_0x561092e41c30, C4<0>, C4<0>, C4<0>;
v0x561092e34c90_0 .net "a", 0 0, L_0x561092e41c30;  alias, 1 drivers
v0x561092e34d70_0 .net "b", 0 0, L_0x561092e41de0;  alias, 1 drivers
v0x561092e34e30_0 .net "out", 0 0, v0x561092e349c0_0;  alias, 1 drivers
v0x561092e34f00_0 .net "s", 1 0, o0x7f5310e47108;  alias, 0 drivers
v0x561092e34fa0_0 .net "sal_and", 0 0, L_0x561092e40e40;  1 drivers
v0x561092e35090_0 .net "sal_not", 0 0, L_0x561092e410d0;  1 drivers
v0x561092e35160_0 .net "sal_or", 0 0, L_0x561092e40eb0;  1 drivers
v0x561092e35230_0 .net "sal_xor", 0 0, L_0x561092e41040;  1 drivers
S_0x561092e34330 .scope module, "multiplexor" "mux4_1" 4 13, 5 1 0, S_0x561092e340d0;
 .timescale 0 0;
    .port_info 0 /OUTPUT 1 "out"
    .port_info 1 /INPUT 1 "a"
    .port_info 2 /INPUT 1 "b"
    .port_info 3 /INPUT 1 "c"
    .port_info 4 /INPUT 1 "d"
    .port_info 5 /INPUT 2 "s"
v0x561092e34690_0 .net "a", 0 0, L_0x561092e40e40;  alias, 1 drivers
v0x561092e34770_0 .net "b", 0 0, L_0x561092e40eb0;  alias, 1 drivers
v0x561092e34830_0 .net "c", 0 0, L_0x561092e41040;  alias, 1 drivers
v0x561092e34900_0 .net "d", 0 0, L_0x561092e410d0;  alias, 1 drivers
v0x561092e349c0_0 .var "out", 0 0;
v0x561092e34ad0_0 .net "s", 1 0, o0x7f5310e47108;  alias, 0 drivers
E_0x561092e34600/0 .event edge, v0x561092e2ba00_0, v0x561092e34900_0, v0x561092e34830_0, v0x561092e34770_0;
E_0x561092e34600/1 .event edge, v0x561092e34690_0;
E_0x561092e34600 .event/or E_0x561092e34600/0, E_0x561092e34600/1;
S_0x561092e35330 .scope module, "fulladder" "fa" 3 7, 6 1 0, S_0x561092e33e50;
 .timescale 0 0;
    .port_info 0 /OUTPUT 1 "cout"
    .port_info 1 /OUTPUT 1 "sum"
    .port_info 2 /INPUT 1 "a"
    .port_info 3 /INPUT 1 "b"
    .port_info 4 /INPUT 1 "cin"
L_0x7f5310dfe378 .functor BUFT 1, C4<0>, C4<0>, C4<0>, C4<0>;
v0x561092e35580_0 .net *"_s10", 0 0, L_0x7f5310dfe378;  1 drivers
v0x561092e35660_0 .net *"_s11", 1 0, L_0x561092e41480;  1 drivers
v0x561092e35740_0 .net *"_s13", 1 0, L_0x561092e41630;  1 drivers
L_0x7f5310dfe3c0 .functor BUFT 1, C4<0>, C4<0>, C4<0>, C4<0>;
v0x561092e35830_0 .net *"_s16", 0 0, L_0x7f5310dfe3c0;  1 drivers
v0x561092e35910_0 .net *"_s17", 1 0, L_0x561092e417a0;  1 drivers
v0x561092e35a40_0 .net *"_s3", 1 0, L_0x561092e412a0;  1 drivers
L_0x7f5310dfe330 .functor BUFT 1, C4<0>, C4<0>, C4<0>, C4<0>;
v0x561092e35b20_0 .net *"_s6", 0 0, L_0x7f5310dfe330;  1 drivers
v0x561092e35c00_0 .net *"_s7", 1 0, L_0x561092e41390;  1 drivers
v0x561092e35ce0_0 .net "a", 0 0, L_0x561092e41c30;  alias, 1 drivers
v0x561092e35e10_0 .net "b", 0 0, L_0x561092e41de0;  alias, 1 drivers
v0x561092e35ee0_0 .net "cin", 0 0, L_0x561092e40500;  alias, 1 drivers
v0x561092e35f80_0 .net "cout", 0 0, L_0x561092e41160;  alias, 1 drivers
v0x561092e36020_0 .net "sum", 0 0, L_0x561092e41200;  alias, 1 drivers
L_0x561092e41160 .part L_0x561092e417a0, 1, 1;
L_0x561092e41200 .part L_0x561092e417a0, 0, 1;
L_0x561092e412a0 .concat [ 1 1 0 0], L_0x561092e41c30, L_0x7f5310dfe330;
L_0x561092e41390 .concat [ 1 1 0 0], L_0x561092e41de0, L_0x7f5310dfe378;
L_0x561092e41480 .arith/sum 2, L_0x561092e412a0, L_0x561092e41390;
L_0x561092e41630 .concat [ 1 1 0 0], L_0x561092e40500, L_0x7f5310dfe3c0;
L_0x561092e417a0 .arith/sum 2, L_0x561092e41480, L_0x561092e41630;
S_0x561092e361b0 .scope module, "multiplexor2a1" "mux2_1" 3 8, 7 1 0, S_0x561092e33e50;
 .timescale 0 0;
    .port_info 0 /OUTPUT 1 "out"
    .port_info 1 /INPUT 1 "a"
    .port_info 2 /INPUT 1 "b"
    .port_info 3 /INPUT 1 "s"
v0x561092e363d0_0 .net "a", 0 0, L_0x561092e41200;  alias, 1 drivers
v0x561092e364a0_0 .net "b", 0 0, v0x561092e349c0_0;  alias, 1 drivers
v0x561092e36590_0 .net "out", 0 0, L_0x561092e418e0;  alias, 1 drivers
v0x561092e36630_0 .net "s", 0 0, o0x7f5310e476a8;  alias, 0 drivers
L_0x561092e418e0 .functor MUXZ 1, L_0x561092e41200, v0x561092e349c0_0, o0x7f5310e476a8, C4<>;
S_0x561092e36f20 .scope module, "complemento" "compl1" 2 18, 8 1 0, S_0x561092e0c690;
 .timescale 0 0;
    .port_info 0 /OUTPUT 4 "sal"
    .port_info 1 /INPUT 4 "ent"
    .port_info 2 /INPUT 1 "cpl"
L_0x561092e3da10 .functor NOT 1, L_0x561092e3da80, C4<0>, C4<0>, C4<0>;
v0x561092e371b0_0 .net *"_s1", 0 0, L_0x561092e3da80;  1 drivers
v0x561092e372b0_0 .net *"_s2", 3 0, L_0x561092e3db70;  1 drivers
L_0x7f5310dfe060 .functor BUFT 1, C4<000>, C4<0>, C4<0>, C4<0>;
v0x561092e37390_0 .net *"_s5", 2 0, L_0x7f5310dfe060;  1 drivers
v0x561092e37450_0 .net "cpl", 0 0, L_0x561092e3d000;  alias, 1 drivers
v0x561092e37510_0 .net "ent", 3 0, L_0x561092e3d970;  alias, 1 drivers
v0x561092e37640_0 .net "sal", 3 0, L_0x561092e3dc60;  alias, 1 drivers
v0x561092e37720_0 .net "sal_invert", 0 0, L_0x561092e3da10;  1 drivers
L_0x561092e3da80 .part L_0x561092e3d970, 0, 1;
L_0x561092e3db70 .concat [ 1 3 0 0], L_0x561092e3da10, L_0x7f5310dfe060;
L_0x561092e3dc60 .functor MUXZ 4, L_0x561092e3d970, L_0x561092e3db70, L_0x561092e3d000, C4<>;
S_0x561092e37860 .scope module, "multipl_a" "mux2_4" 2 16, 9 1 0, S_0x561092e0c690;
 .timescale 0 0;
    .port_info 0 /OUTPUT 4 "out"
    .port_info 1 /INPUT 4 "a"
    .port_info 2 /INPUT 4 "b"
    .port_info 3 /INPUT 1 "s"
L_0x7f5310dfe018 .functor BUFT 1, C4<0000>, C4<0>, C4<0>, C4<0>;
v0x561092e37aa0_0 .net "a", 3 0, L_0x7f5310dfe018;  1 drivers
v0x561092e37b80_0 .net "b", 3 0, o0x7f5310e49448;  alias, 0 drivers
v0x561092e37c60_0 .net "out", 3 0, L_0x561092e3d830;  alias, 1 drivers
v0x561092e37d20_0 .net "s", 0 0, L_0x561092e3ba70;  alias, 1 drivers
L_0x561092e3d830 .functor MUXZ 4, L_0x7f5310dfe018, o0x7f5310e49448, L_0x561092e3ba70, C4<>;
S_0x561092e37e90 .scope module, "multipl_b" "mux2_4" 2 17, 9 1 0, S_0x561092e0c690;
 .timescale 0 0;
    .port_info 0 /OUTPUT 4 "out"
    .port_info 1 /INPUT 4 "a"
    .port_info 2 /INPUT 4 "b"
    .port_info 3 /INPUT 1 "s"
v0x561092e380d0_0 .net "a", 3 0, o0x7f5310e49448;  alias, 0 drivers
v0x561092e381e0_0 .net "b", 3 0, o0x7f5310e49598;  alias, 0 drivers
v0x561092e382a0_0 .net "out", 3 0, L_0x561092e3d970;  alias, 1 drivers
v0x561092e383a0_0 .net "s", 0 0, L_0x561092e3c5b0;  alias, 1 drivers
L_0x561092e3d970 .functor MUXZ 4, o0x7f5310e49448, o0x7f5310e49598, L_0x561092e3c5b0, C4<>;
    .scope S_0x561092df63c0;
T_0 ;
    %wait E_0x561092dd0330;
    %load/vec4 v0x561092e2ba00_0;
    %dup/vec4;
    %pushi/vec4 0, 0, 2;
    %cmp/u;
    %jmp/1 T_0.0, 6;
    %dup/vec4;
    %pushi/vec4 1, 0, 2;
    %cmp/u;
    %jmp/1 T_0.1, 6;
    %dup/vec4;
    %pushi/vec4 2, 0, 2;
    %cmp/u;
    %jmp/1 T_0.2, 6;
    %dup/vec4;
    %pushi/vec4 3, 0, 2;
    %cmp/u;
    %jmp/1 T_0.3, 6;
    %pushi/vec4 1, 1, 1;
    %store/vec4 v0x561092e2b8f0_0, 0, 1;
    %jmp T_0.5;
T_0.0 ;
    %load/vec4 v0x561092e0c260_0;
    %store/vec4 v0x561092e2b8f0_0, 0, 1;
    %jmp T_0.5;
T_0.1 ;
    %load/vec4 v0x561092e2b6d0_0;
    %store/vec4 v0x561092e2b8f0_0, 0, 1;
    %jmp T_0.5;
T_0.2 ;
    %load/vec4 v0x561092e2b790_0;
    %store/vec4 v0x561092e2b8f0_0, 0, 1;
    %jmp T_0.5;
T_0.3 ;
    %load/vec4 v0x561092e2b830_0;
    %store/vec4 v0x561092e2b8f0_0, 0, 1;
    %jmp T_0.5;
T_0.5 ;
    %pop/vec4 1;
    %jmp T_0;
    .thread T_0, $push;
    .scope S_0x561092e2e110;
T_1 ;
    %wait E_0x561092dd0570;
    %load/vec4 v0x561092e2e800_0;
    %dup/vec4;
    %pushi/vec4 0, 0, 2;
    %cmp/u;
    %jmp/1 T_1.0, 6;
    %dup/vec4;
    %pushi/vec4 1, 0, 2;
    %cmp/u;
    %jmp/1 T_1.1, 6;
    %dup/vec4;
    %pushi/vec4 2, 0, 2;
    %cmp/u;
    %jmp/1 T_1.2, 6;
    %dup/vec4;
    %pushi/vec4 3, 0, 2;
    %cmp/u;
    %jmp/1 T_1.3, 6;
    %pushi/vec4 1, 1, 1;
    %store/vec4 v0x561092e2e6f0_0, 0, 1;
    %jmp T_1.5;
T_1.0 ;
    %load/vec4 v0x561092e2e3f0_0;
    %store/vec4 v0x561092e2e6f0_0, 0, 1;
    %jmp T_1.5;
T_1.1 ;
    %load/vec4 v0x561092e2e4d0_0;
    %store/vec4 v0x561092e2e6f0_0, 0, 1;
    %jmp T_1.5;
T_1.2 ;
    %load/vec4 v0x561092e2e590_0;
    %store/vec4 v0x561092e2e6f0_0, 0, 1;
    %jmp T_1.5;
T_1.3 ;
    %load/vec4 v0x561092e2e630_0;
    %store/vec4 v0x561092e2e6f0_0, 0, 1;
    %jmp T_1.5;
T_1.5 ;
    %pop/vec4 1;
    %jmp T_1;
    .thread T_1, $push;
    .scope S_0x561092e311a0;
T_2 ;
    %wait E_0x561092e31470;
    %load/vec4 v0x561092e31940_0;
    %dup/vec4;
    %pushi/vec4 0, 0, 2;
    %cmp/u;
    %jmp/1 T_2.0, 6;
    %dup/vec4;
    %pushi/vec4 1, 0, 2;
    %cmp/u;
    %jmp/1 T_2.1, 6;
    %dup/vec4;
    %pushi/vec4 2, 0, 2;
    %cmp/u;
    %jmp/1 T_2.2, 6;
    %dup/vec4;
    %pushi/vec4 3, 0, 2;
    %cmp/u;
    %jmp/1 T_2.3, 6;
    %pushi/vec4 1, 1, 1;
    %store/vec4 v0x561092e31830_0, 0, 1;
    %jmp T_2.5;
T_2.0 ;
    %load/vec4 v0x561092e31500_0;
    %store/vec4 v0x561092e31830_0, 0, 1;
    %jmp T_2.5;
T_2.1 ;
    %load/vec4 v0x561092e315e0_0;
    %store/vec4 v0x561092e31830_0, 0, 1;
    %jmp T_2.5;
T_2.2 ;
    %load/vec4 v0x561092e316a0_0;
    %store/vec4 v0x561092e31830_0, 0, 1;
    %jmp T_2.5;
T_2.3 ;
    %load/vec4 v0x561092e31770_0;
    %store/vec4 v0x561092e31830_0, 0, 1;
    %jmp T_2.5;
T_2.5 ;
    %pop/vec4 1;
    %jmp T_2;
    .thread T_2, $push;
    .scope S_0x561092e34330;
T_3 ;
    %wait E_0x561092e34600;
    %load/vec4 v0x561092e34ad0_0;
    %dup/vec4;
    %pushi/vec4 0, 0, 2;
    %cmp/u;
    %jmp/1 T_3.0, 6;
    %dup/vec4;
    %pushi/vec4 1, 0, 2;
    %cmp/u;
    %jmp/1 T_3.1, 6;
    %dup/vec4;
    %pushi/vec4 2, 0, 2;
    %cmp/u;
    %jmp/1 T_3.2, 6;
    %dup/vec4;
    %pushi/vec4 3, 0, 2;
    %cmp/u;
    %jmp/1 T_3.3, 6;
    %pushi/vec4 1, 1, 1;
    %store/vec4 v0x561092e349c0_0, 0, 1;
    %jmp T_3.5;
T_3.0 ;
    %load/vec4 v0x561092e34690_0;
    %store/vec4 v0x561092e349c0_0, 0, 1;
    %jmp T_3.5;
T_3.1 ;
    %load/vec4 v0x561092e34770_0;
    %store/vec4 v0x561092e349c0_0, 0, 1;
    %jmp T_3.5;
T_3.2 ;
    %load/vec4 v0x561092e34830_0;
    %store/vec4 v0x561092e349c0_0, 0, 1;
    %jmp T_3.5;
T_3.3 ;
    %load/vec4 v0x561092e34900_0;
    %store/vec4 v0x561092e349c0_0, 0, 1;
    %jmp T_3.5;
T_3.5 ;
    %pop/vec4 1;
    %jmp T_3;
    .thread T_3, $push;
# The file index is used to find the file name in the following table.
:file_names 10;
    "N/A";
    "<interactive>";
    "alu.v";
    "./cal.v";
    "./cl.v";
    "./mux4_1.v";
    "./fa.v";
    "./mux2_1.v";
    "./compl1.v";
    "./mux2_4.v";
